[ 2021-06-23 13:28:23 ] error: [ Express - GET ] Bad Request Error: Bad Request
    at Object.<anonymous> (/home/mindprobe/Desktop/Repos/Node-Reference/Winston Logger/2_log_file_rotation.js:100:12)
    at Module._compile (node:internal/modules/cjs/loader:1108:14)
    at Object.Module._extensions..js (node:internal/modules/cjs/loader:1137:10)
    at Module.load (node:internal/modules/cjs/loader:973:32)
    at Function.Module._load (node:internal/modules/cjs/loader:813:14)
    at Function.executeUserEntryPoint [as runMain] (node:internal/modules/run_main:76:12)
    at node:internal/main/run_main_module:17:47
[ 2021-06-23 13:38:34 ] error: [ Express - GET ] Bad Request Error: Bad Request
    at Object.<anonymous> (/home/mindprobe/Desktop/Repos/Node-Reference/Winston Logger/2_log_file_rotation.js:111:12)
    at Module._compile (node:internal/modules/cjs/loader:1108:14)
    at Object.Module._extensions..js (node:internal/modules/cjs/loader:1137:10)
    at Module.load (node:internal/modules/cjs/loader:973:32)
    at Function.Module._load (node:internal/modules/cjs/loader:813:14)
    at Function.executeUserEntryPoint [as runMain] (node:internal/modules/run_main:76:12)
    at node:internal/main/run_main_module:17:47
[ 2021-06-23 13:40:04 ] error: [ Express - GET ] Bad Request Error: Bad Request
    at Object.<anonymous> (/home/mindprobe/Desktop/Repos/Node-Reference/Winston Logger/2_log_file_rotation.js:113:12)
    at Module._compile (node:internal/modules/cjs/loader:1108:14)
    at Object.Module._extensions..js (node:internal/modules/cjs/loader:1137:10)
    at Module.load (node:internal/modules/cjs/loader:973:32)
    at Function.Module._load (node:internal/modules/cjs/loader:813:14)
    at Function.executeUserEntryPoint [as runMain] (node:internal/modules/run_main:76:12)
    at node:internal/main/run_main_module:17:47
